================================================================
== Design Size Report
================================================================

* Total Instructions per Compilation Phase
+---------------+-----------------------------+--------------+----------------------------------------------------------------------------------------+
| Phase         | Step                        | Instructions | Description                                                                            |
+---------------+-----------------------------+--------------+----------------------------------------------------------------------------------------+
| Compile/Link  |                             |     728      | After all functions are compiled and linked into a single design                       |
|               |                             |              |                                                                                        |
| Unroll/Inline |                             |              | After user unroll and inline pragmas are applied                                       |
|               | (1) unroll                  |   8,359      | user unroll pragmas are applied                                                        |
|               | (2) simplification          |   3,411      | simplification of applied user unroll pragmas                                          |
|               | (3) inline                  |   3,374      | user inline pragmas are applied                                                        |
|               | (4) simplification          |   3,374      | simplification of applied user inline pragmas                                          |
|               |                             |              |                                                                                        |
| Array/Struct  |                             |              | After user array partition and struct aggregate/disaggregate pragmas are applied       |
|               | (1) array partition         |  20,126      | user array partition pragmas are applied                                               |
|               | (2) simplification          |   3,992      | simplification of applied user array partition & struct aggregate/disaggregate pragmas |
|               | (3) aggregate/disaggregate  |   3,992      | user struct aggregate/disaggregate pragmas are applied                                 |
|               | (4) array reshape           |   3,992      | apply array reshape pragmas                                                            |
|               | (5) access patterns         |   4,007      | array access pattern optmizations                                                      |
|               |                             |              |                                                                                        |
| Performance   |                             |              | After transformations are applied to meet performance pragma targets                   |
|               | (1) loop simplification     |   4,001      | loop and instruction simplification                                                    |
|               | (2) parallelization         |   3,997      | loops are unrolled or pipelined to meet performance targets                            |
|               | (3) array partition         | 158,536 *    | arrays are partitioned to meet performance targets                                     |
|               | (4) simplification          |   9,065      | simplification of design after performance transformations                             |
|               |                             |              |                                                                                        |
| HW Transforms |                             |              | After hardware transfomations                                                          |
|               | (1) lowering                |   9,029      | initial conversion to HW specific instructions                                         |
|               | (2) optimizations           |   9,050      | high level synthesis optimizations                                                     |
+---------------+-----------------------------+--------------+----------------------------------------------------------------------------------------+
    * - Exceeded design size warning message threshold

* Instructions per Function for each Compilation Phase
+----------------------------+--------------------------+--------------+---------------+--------------+-------------+---------------+
| Function                   | Location                 | Compile/Link | Unroll/Inline | Array/Struct | Performance | HW Transforms |
+----------------------------+--------------------------+--------------+---------------+--------------+-------------+---------------+
| + convolucion2D_hw_wrapped | convolucion_accel.cpp:23 | 728          | 3,374         | 4,007        | 9,065       | 9,050         |
|    convolucion2D_hw        | convolucion_accel.cpp:3  |  62          | 3,187         | 3,313        | 5,237       | 5,241         |
+----------------------------+--------------------------+--------------+---------------+--------------+-------------+---------------+

* Design Size Message Settings
+---------------------------------------------+--------+------------------------------------------------------------------+
| Message Setting                             | Value  | Description                                                      |
+---------------------------------------------+--------+------------------------------------------------------------------+
| config_compile -design_size_maximum_warning | 100000 | Show a warning when total design instructions exceeds this value |
+---------------------------------------------+--------+------------------------------------------------------------------+


